<?xml version="1.0" encoding="UTF-8"?>
<testsuite name="rspec" tests="21" skipped="0" failures="0" errors="0" time="0.015229" timestamp="2019-08-06T17:01:02-03:00" hostname="DESKTOP-RTE2DLP">
<properties>
<property name="seed" value="4065"/>
</properties>
<testcase classname="spec.avengers_spec" name="AvengersHeadQuarters deve adicionar um vingador" file="./spec/avengers_spec.rb" time="0.001603"></testcase>
<testcase classname="spec.avengers_spec" name="AvengersHeadQuarters deve adicionar um vingador via INCLUDE" file="./spec/avengers_spec.rb" time="0.001878"></testcase>
<testcase classname="spec.avengers_spec" name="AvengersHeadQuarters deve adicionar uma lista de vingadores" file="./spec/avengers_spec.rb" time="0.001605"></testcase>
<testcase classname="spec.avengers_spec" name="AvengersHeadQuarters Thor deve ser o primeiro da lista" file="./spec/avengers_spec.rb" time="0.001739"></testcase>
<testcase classname="spec.avengers_spec" name="AvengersHeadQuarters IronMan deve ser o ultimo da lista" file="./spec/avengers_spec.rb" time="0.000085"></testcase>
<testcase classname="spec.avengers_spec" name="AvengersHeadQuarters deve conter o sobrenome" file="./spec/avengers_spec.rb" time="0.002777"></testcase>
<testcase classname="spec.bank.saque_cc_spec" name="ContaCorrente Saque quando o valor é positivo então atualiza saldo" file="./spec/bank/saque_cc_spec.rb" time="0.000082"></testcase>
<testcase classname="spec.bank.saque_cc_spec" name="ContaCorrente Saque quando o saldo é zero então exibe mensagem" file="./spec/bank/saque_cc_spec.rb" time="0.000096"></testcase>
<testcase classname="spec.bank.saque_cc_spec" name="ContaCorrente Saque quando o saldo é zero e o saldo final com zeros" file="./spec/bank/saque_cc_spec.rb" time="0.000052"></testcase>
<testcase classname="spec.bank.saque_cc_spec" name="ContaCorrente Saque quando o saldo é insuficiente então exibe mensagem" file="./spec/bank/saque_cc_spec.rb" time="0.000054"></testcase>
<testcase classname="spec.bank.saque_cc_spec" name="ContaCorrente Saque quando o saldo é insuficiente e o saldo permanece" file="./spec/bank/saque_cc_spec.rb" time="0.000072"></testcase>
<testcase classname="spec.bank.saque_cc_spec" name="ContaCorrente Saque quando supera o limite de saque então exibe mensagem" file="./spec/bank/saque_cc_spec.rb" time="0.000053"></testcase>
<testcase classname="spec.bank.saque_cc_spec" name="ContaCorrente Saque quando supera o limite de saque e o saldo permanece" file="./spec/bank/saque_cc_spec.rb" time="0.000047"></testcase>
<testcase classname="spec.bank.saque_cp_spec" name="ContaPoupanca Saque quando o valor é positivo então atualiza saldo" file="./spec/bank/saque_cp_spec.rb" time="0.000052"></testcase>
<testcase classname="spec.bank.saque_cp_spec" name="ContaPoupanca Saque quando o saldo é zero então exibe mensagem" file="./spec/bank/saque_cp_spec.rb" time="0.000068"></testcase>
<testcase classname="spec.bank.saque_cp_spec" name="ContaPoupanca Saque quando o saldo é zero e o saldo final com zeros" file="./spec/bank/saque_cp_spec.rb" time="0.000048"></testcase>
<testcase classname="spec.bank.saque_cp_spec" name="ContaPoupanca Saque quando o saldo é insuficiente então exibe mensagem" file="./spec/bank/saque_cp_spec.rb" time="0.000050"></testcase>
<testcase classname="spec.bank.saque_cp_spec" name="ContaPoupanca Saque quando o saldo é insuficiente e o saldo permanece" file="./spec/bank/saque_cp_spec.rb" time="0.000049"></testcase>
<testcase classname="spec.bank.saque_cp_spec" name="ContaPoupanca Saque quando supera o limite de saque então exibe mensagem" file="./spec/bank/saque_cp_spec.rb" time="0.000049"></testcase>
<testcase classname="spec.bank.saque_cp_spec" name="ContaPoupanca Saque quando supera o limite de saque e o saldo permanece" file="./spec/bank/saque_cp_spec.rb" time="0.000072"></testcase>
<testcase classname="spec.exemplos_spec" name="suite rspec soma de valores" file="./spec/exemplos_spec.rb" time="0.000047"></testcase>
</testsuite>
